<?xml version="1.0" encoding="UTF-8"?>
<!-- Generated by org.testng.reporters.JUnitXMLReporter -->
<testsuite hostname="MacBook-Air.local" name="Test" tests="5" failures="0" timestamp="4 Jun 2020 16:07:42 GMT" time="61.768" errors="0">
  <testcase name="basePageNavigation" time="0.079" classname="Academic.E2EProject.ValidateTitle"/>
  <testcase name="basePageNavigation" time="0.146" classname="Academic.E2EProject.ValidateNavigationBar"/>
  <testcase name="basePageNavigation" time="15.687" classname="Academic.E2EProject.HomePage"/>
  <testcase name="basePageNavigation" time="19.93" classname="Academic.E2EProject.HomePage"/>
  <testcase name="basePageNavigation" time="0.172" classname="Academic.E2EProject.Table"/>
</testsuite> <!-- Test -->
