<?xml version="1.0" encoding="UTF-8"?>
<!-- Generated by org.testng.reporters.JUnitXMLReporter -->
<testsuite hostname="MacBook-Air.local" name="Test" tests="4" failures="0" timestamp="4 Jun 2020 07:58:20 GMT" time="61.483" errors="0">
  <testcase name="basePageNavigation" time="0.058" classname="Academic.E2EProject.validateTitle"/>
  <testcase name="basePageNavigation" time="0.087" classname="Academic.E2EProject.validateNavigationBar"/>
  <testcase name="basePageNavigation" time="22.146" classname="Academic.E2EProject.HomePage"/>
  <testcase name="basePageNavigation" time="19.873" classname="Academic.E2EProject.HomePage"/>
</testsuite> <!-- Test -->
