<?xml version="1.0" encoding="UTF-8"?>
<testng-results skipped="0" failed="0" total="5" passed="5">
  <reporter-output>
  </reporter-output>
  <suite name="Suite" duration-ms="49334" started-at="2020-06-05T16:35:38Z" finished-at="2020-06-05T16:36:27Z">
    <groups>
    </groups>
    <test name="Validating Navigation Bar" duration-ms="13929" started-at="2020-06-05T16:35:38Z" finished-at="2020-06-05T16:35:52Z">
      <class name="Academic.E2EProject.ValidateNavigationBar">
        <test-method status="PASS" signature="initialize()[pri:0, instance:Academic.E2EProject.ValidateNavigationBar@3b0090a4]" name="initialize" is-config="true" duration-ms="13154" started-at="2020-06-05T22:05:38Z" finished-at="2020-06-05T22:05:51Z">
          <reporter-output>
          </reporter-output>
        </test-method> <!-- initialize -->
        <test-method status="PASS" signature="basePageNavigation()[pri:0, instance:Academic.E2EProject.ValidateNavigationBar@3b0090a4]" name="basePageNavigation" duration-ms="195" started-at="2020-06-05T22:05:51Z" finished-at="2020-06-05T22:05:51Z">
          <reporter-output>
          </reporter-output>
        </test-method> <!-- basePageNavigation -->
        <test-method status="PASS" signature="teardown()[pri:0, instance:Academic.E2EProject.ValidateNavigationBar@3b0090a4]" name="teardown" is-config="true" duration-ms="543" started-at="2020-06-05T22:05:51Z" finished-at="2020-06-05T22:05:52Z">
          <reporter-output>
          </reporter-output>
        </test-method> <!-- teardown -->
      </class> <!-- Academic.E2EProject.ValidateNavigationBar -->
    </test> <!-- Validating Navigation Bar -->
    <test name="Validating Title" duration-ms="14281" started-at="2020-06-05T16:35:38Z" finished-at="2020-06-05T16:35:52Z">
      <class name="Academic.E2EProject.ValidateTitle">
        <test-method status="PASS" signature="initialize()[pri:0, instance:Academic.E2EProject.ValidateTitle@54d9d12d]" name="initialize" is-config="true" duration-ms="13868" started-at="2020-06-05T22:05:38Z" finished-at="2020-06-05T22:05:52Z">
          <reporter-output>
          </reporter-output>
        </test-method> <!-- initialize -->
        <test-method status="PASS" signature="basePageNavigation()[pri:0, instance:Academic.E2EProject.ValidateTitle@54d9d12d]" name="basePageNavigation" duration-ms="103" started-at="2020-06-05T22:05:52Z" finished-at="2020-06-05T22:05:52Z">
          <reporter-output>
          </reporter-output>
        </test-method> <!-- basePageNavigation -->
        <test-method status="PASS" signature="teardown()[pri:0, instance:Academic.E2EProject.ValidateTitle@54d9d12d]" name="teardown" is-config="true" duration-ms="304" started-at="2020-06-05T22:05:52Z" finished-at="2020-06-05T22:05:52Z">
          <reporter-output>
          </reporter-output>
        </test-method> <!-- teardown -->
      </class> <!-- Academic.E2EProject.ValidateTitle -->
    </test> <!-- Validating Title -->
    <test name="Validating Practice Page" duration-ms="28002" started-at="2020-06-05T16:35:38Z" finished-at="2020-06-05T16:36:06Z">
      <class name="Academic.E2EProject.PracticePage">
        <test-method status="PASS" signature="initialize()[pri:0, instance:Academic.E2EProject.PracticePage@4b2bac3f]" name="initialize" is-config="true" duration-ms="15928" started-at="2020-06-05T22:05:38Z" finished-at="2020-06-05T22:05:54Z">
          <reporter-output>
          </reporter-output>
        </test-method> <!-- initialize -->
        <test-method status="PASS" signature="basePageNavigation()[pri:0, instance:Academic.E2EProject.PracticePage@4b2bac3f]" name="basePageNavigation" duration-ms="11829" started-at="2020-06-05T22:05:54Z" finished-at="2020-06-05T22:06:05Z">
          <reporter-output>
          </reporter-output>
        </test-method> <!-- basePageNavigation -->
        <test-method status="PASS" signature="teardown()[pri:0, instance:Academic.E2EProject.PracticePage@4b2bac3f]" name="teardown" is-config="true" duration-ms="237" started-at="2020-06-05T22:06:05Z" finished-at="2020-06-05T22:06:06Z">
          <reporter-output>
          </reporter-output>
        </test-method> <!-- teardown -->
      </class> <!-- Academic.E2EProject.PracticePage -->
    </test> <!-- Validating Practice Page -->
    <test name="Validating User Login" duration-ms="49333" started-at="2020-06-05T16:35:38Z" finished-at="2020-06-05T16:36:27Z">
      <class name="Academic.E2EProject.HomePage">
        <test-method status="PASS" signature="basePageNavigation(java.lang.String, java.lang.String, java.lang.String)[pri:0, instance:Academic.E2EProject.HomePage@489115ef]" name="basePageNavigation" duration-ms="31451" started-at="2020-06-05T22:05:38Z" data-provider="getData" finished-at="2020-06-05T22:06:09Z">
          <params>
            <param index="0">
              <value>
                <![CDATA[nonrestricted@abc.com]]>
              </value>
            </param>
            <param index="1">
              <value>
                <![CDATA[12345]]>
              </value>
            </param>
            <param index="2">
              <value>
                <![CDATA[Non-Restricted User]]>
              </value>
            </param>
          </params>
          <reporter-output>
          </reporter-output>
        </test-method> <!-- basePageNavigation -->
        <test-method status="PASS" signature="basePageNavigation(java.lang.String, java.lang.String, java.lang.String)[pri:0, instance:Academic.E2EProject.HomePage@489115ef]" name="basePageNavigation" duration-ms="17865" started-at="2020-06-05T22:06:09Z" data-provider="getData" finished-at="2020-06-05T22:06:27Z">
          <params>
            <param index="0">
              <value>
                <![CDATA[restricted@abc.com]]>
              </value>
            </param>
            <param index="1">
              <value>
                <![CDATA[98765]]>
              </value>
            </param>
            <param index="2">
              <value>
                <![CDATA[Restricted User]]>
              </value>
            </param>
          </params>
          <reporter-output>
          </reporter-output>
        </test-method> <!-- basePageNavigation -->
      </class> <!-- Academic.E2EProject.HomePage -->
    </test> <!-- Validating User Login -->
  </suite> <!-- Suite -->
</testng-results>
